This file contains any messages produced by compilers while
running configure, to aid debugging if configure makes a mistake.

It was created by GNU lightning configure 2.1.2, which was
generated by GNU Autoconf 2.69.  Invocation command line was

  $ ./configure 

## --------- ##
## Platform. ##
## --------- ##

hostname = ferc-compilers-5782325
uname -m = x86_64
uname -r = 4.9.17-c9
uname -s = Linux
uname -v = #1 SMP Thu Mar 23 01:38:54 UTC 2017

/usr/bin/uname -p = unknown
/bin/uname -X     = unknown

/bin/arch              = unknown
/usr/bin/arch -k       = unknown
/usr/convex/getsysinfo = unknown
/usr/bin/hostinfo      = unknown
/bin/machine           = unknown
/usr/bin/oslevel       = unknown
/bin/universe          = unknown

PATH: /home/ubuntu/.nvm/versions/node/v6.11.2/bin
PATH: /usr/local/rvm/gems/ruby-2.4.0/bin
PATH: /usr/local/rvm/gems/ruby-2.4.0@global/bin
PATH: /usr/local/rvm/rubies/ruby-2.4.0/bin
PATH: /mnt/shared/bin
PATH: /home/ubuntu/workspace/node_modules/.bin
PATH: /home/ubuntu/bin
PATH: /usr/local/sbin
PATH: /usr/local/bin
PATH: /usr/sbin
PATH: /usr/bin
PATH: /sbin
PATH: /bin
PATH: /mnt/shared/sbin
PATH: /opt/gitl
PATH: /opt/go/bin
PATH: /mnt/shared/c9/app.nw/bin
PATH: /usr/local/rvm/bin


## ----------- ##
## Core tests. ##
## ----------- ##

configure:2297: checking build system type
configure:2311: result: x86_64-pc-linux-gnu
configure:2331: checking host system type
configure:2344: result: x86_64-pc-linux-gnu
configure:2364: checking target system type
configure:2377: result: x86_64-pc-linux-gnu
configure:2420: checking for a BSD-compatible install
configure:2488: result: /usr/bin/install -c
configure:2499: checking whether build environment is sane
configure:2554: result: yes
configure:2705: checking for a thread-safe mkdir -p
configure:2744: result: /bin/mkdir -p
configure:2751: checking for gawk
configure:2767: found /usr/bin/gawk
configure:2778: result: gawk
configure:2789: checking whether make sets $(MAKE)
configure:2811: result: yes
configure:2840: checking whether make supports nested variables
configure:2857: result: yes
configure:2994: checking whether make supports nested variables
configure:3011: result: yes
configure:3075: checking for gcc
configure:3091: found /usr/bin/gcc
configure:3102: result: gcc
configure:3331: checking for C compiler version
configure:3340: gcc --version >&5
gcc (Ubuntu 4.8.4-2ubuntu1~14.04.3) 4.8.4
Copyright (C) 2013 Free Software Foundation, Inc.
This is free software; see the source for copying conditions.  There is NO
warranty; not even for MERCHANTABILITY or FITNESS FOR A PARTICULAR PURPOSE.

configure:3351: $? = 0
configure:3340: gcc -v >&5
Using built-in specs.
COLLECT_GCC=gcc
COLLECT_LTO_WRAPPER=/usr/lib/gcc/x86_64-linux-gnu/4.8/lto-wrapper
Target: x86_64-linux-gnu
Configured with: ../src/configure -v --with-pkgversion='Ubuntu 4.8.4-2ubuntu1~14.04.3' --with-bugurl=file:///usr/share/doc/gcc-4.8/README.Bugs --enable-languages=c,c++,java,go,d,fortran,objc,obj-c++ --prefix=/usr --program-suffix=-4.8 --enable-shared --enable-linker-build-id --libexecdir=/usr/lib --without-included-gettext --enable-threads=posix --with-gxx-include-dir=/usr/include/c++/4.8 --libdir=/usr/lib --enable-nls --with-sysroot=/ --enable-clocale=gnu --enable-libstdcxx-debug --enable-libstdcxx-time=yes --enable-gnu-unique-object --disable-libmudflap --enable-plugin --with-system-zlib --disable-browser-plugin --enable-java-awt=gtk --enable-gtk-cairo --with-java-home=/usr/lib/jvm/java-1.5.0-gcj-4.8-amd64/jre --enable-java-home --with-jvm-root-dir=/usr/lib/jvm/java-1.5.0-gcj-4.8-amd64 --with-jvm-jar-dir=/usr/lib/jvm-exports/java-1.5.0-gcj-4.8-amd64 --with-arch-directory=amd64 --with-ecj-jar=/usr/share/java/eclipse-ecj.jar --enable-objc-gc --enable-multiarch --disable-werror --with-arch-32=i686 --with-abi=m64 --with-multilib-list=m32,m64,mx32 --with-tune=generic --enable-checking=release --build=x86_64-linux-gnu --host=x86_64-linux-gnu --target=x86_64-linux-gnu
Thread model: posix
gcc version 4.8.4 (Ubuntu 4.8.4-2ubuntu1~14.04.3) 
configure:3351: $? = 0
configure:3340: gcc -V >&5
gcc: error: unrecognized command line option '-V'
gcc: fatal error: no input files
compilation terminated.
configure:3351: $? = 4
configure:3340: gcc -qversion >&5
gcc: error: unrecognized command line option '-qversion'
gcc: fatal error: no input files
compilation terminated.
configure:3351: $? = 4
configure:3371: checking whether the C compiler works
configure:3393: gcc    conftest.c  >&5
configure:3397: $? = 0
configure:3445: result: yes
configure:3448: checking for C compiler default output file name
configure:3450: result: a.out
configure:3456: checking for suffix of executables
configure:3463: gcc -o conftest    conftest.c  >&5
configure:3467: $? = 0
configure:3489: result: 
configure:3511: checking whether we are cross compiling
configure:3519: gcc -o conftest    conftest.c  >&5
configure:3523: $? = 0
configure:3530: ./conftest
configure:3534: $? = 0
configure:3549: result: no
configure:3554: checking for suffix of object files
configure:3576: gcc -c   conftest.c >&5
configure:3580: $? = 0
configure:3601: result: o
configure:3605: checking whether we are using the GNU C compiler
configure:3624: gcc -c   conftest.c >&5
configure:3624: $? = 0
configure:3633: result: yes
configure:3642: checking whether gcc accepts -g
configure:3662: gcc -c -g  conftest.c >&5
configure:3662: $? = 0
configure:3703: result: yes
configure:3720: checking for gcc option to accept ISO C89
configure:3783: gcc  -c -g -O2  conftest.c >&5
configure:3783: $? = 0
configure:3796: result: none needed
configure:3821: checking whether gcc understands -c and -o together
configure:3843: gcc -c conftest.c -o conftest2.o
configure:3846: $? = 0
configure:3843: gcc -c conftest.c -o conftest2.o
configure:3846: $? = 0
configure:3858: result: yes
configure:3886: checking for style of include used by make
configure:3914: result: GNU
configure:3940: checking dependency style of gcc
configure:4051: result: gcc3
configure:4113: checking how to print strings
configure:4140: result: printf
configure:4161: checking for a sed that does not truncate output
configure:4225: result: /bin/sed
configure:4243: checking for grep that handles long lines and -e
configure:4301: result: /bin/grep
configure:4306: checking for egrep
configure:4368: result: /bin/grep -E
configure:4373: checking for fgrep
configure:4435: result: /bin/grep -F
configure:4470: checking for ld used by gcc
configure:4537: result: /usr/bin/ld
configure:4544: checking if the linker (/usr/bin/ld) is GNU ld
configure:4559: result: yes
configure:4571: checking for BSD- or MS-compatible name lister (nm)
configure:4625: result: /usr/bin/nm -B
configure:4755: checking the name lister (/usr/bin/nm -B) interface
configure:4762: gcc -c -g -O2  conftest.c >&5
configure:4765: /usr/bin/nm -B "conftest.o"
configure:4768: output
0000000000000000 B some_variable
configure:4775: result: BSD nm
configure:4778: checking whether ln -s works
configure:4782: result: yes
configure:4790: checking the maximum length of command line arguments
configure:4921: result: 1572864
configure:4969: checking how to convert x86_64-pc-linux-gnu file names to x86_64-pc-linux-gnu format
configure:5009: result: func_convert_file_noop
configure:5016: checking how to convert x86_64-pc-linux-gnu file names to toolchain format
configure:5036: result: func_convert_file_noop
configure:5043: checking for /usr/bin/ld option to reload object files
configure:5050: result: -r
configure:5124: checking for objdump
configure:5140: found /usr/bin/objdump
configure:5151: result: objdump
configure:5183: checking how to recognize dependent libraries
configure:5383: result: pass_all
configure:5468: checking for dlltool
configure:5498: result: no
configure:5528: checking how to associate runtime and link libraries
configure:5555: result: printf %s\n
configure:5616: checking for ar
configure:5632: found /usr/bin/ar
configure:5643: result: ar
configure:5680: checking for archiver @FILE support
configure:5697: gcc -c -g -O2  conftest.c >&5
configure:5697: $? = 0
configure:5700: ar cru libconftest.a @conftest.lst >&5
configure:5703: $? = 0
configure:5708: ar cru libconftest.a @conftest.lst >&5
ar: conftest.o: No such file or directory
configure:5711: $? = 1
configure:5723: result: @
configure:5781: checking for strip
configure:5797: found /usr/bin/strip
configure:5808: result: strip
configure:5880: checking for ranlib
configure:5896: found /usr/bin/ranlib
configure:5907: result: ranlib
configure:6009: checking command to parse /usr/bin/nm -B output from gcc object
configure:6162: gcc -c -g -O2  conftest.c >&5
configure:6165: $? = 0
configure:6169: /usr/bin/nm -B conftest.o \| sed -n -e 's/^.*[ ]\([ABCDGIRSTW][ABCDGIRSTW]*\)[ ][ ]*\([_A-Za-z][_A-Za-z0-9]*\)$/\1 \2 \2/p' | sed '/ __gnu_lto/d' \> conftest.nm
configure:6172: $? = 0
configure:6238: gcc -o conftest -g -O2   conftest.c conftstm.o >&5
configure:6241: $? = 0
configure:6279: result: ok
configure:6326: checking for sysroot
configure:6356: result: no
configure:6363: checking for a working dd
configure:6401: result: /bin/dd
configure:6405: checking how to truncate binary pipes
configure:6420: result: /bin/dd bs=4096 count=1
configure:6556: gcc -c -g -O2  conftest.c >&5
configure:6559: $? = 0
configure:6749: checking for mt
configure:6765: found /bin/mt
configure:6776: result: mt
configure:6799: checking if mt is a manifest tool
configure:6805: mt '-?'
configure:6813: result: no
configure:7490: checking how to run the C preprocessor
configure:7521: gcc -E  conftest.c
configure:7521: $? = 0
configure:7535: gcc -E  conftest.c
conftest.c:11:28: fatal error: ac_nonexistent.h: No such file or directory
 #include <ac_nonexistent.h>
                            ^
compilation terminated.
configure:7535: $? = 1
configure: failed program was:
| /* confdefs.h */
| #define PACKAGE_NAME "GNU lightning"
| #define PACKAGE_TARNAME "lightning"
| #define PACKAGE_VERSION "2.1.2"
| #define PACKAGE_STRING "GNU lightning 2.1.2"
| #define PACKAGE_BUGREPORT "pcpa@gnu.org"
| #define PACKAGE_URL "http://www.gnu.org/software/lightning/"
| #define PACKAGE "lightning"
| #define VERSION "2.1.2"
| /* end confdefs.h.  */
| #include <ac_nonexistent.h>
configure:7560: result: gcc -E
configure:7580: gcc -E  conftest.c
configure:7580: $? = 0
configure:7594: gcc -E  conftest.c
conftest.c:11:28: fatal error: ac_nonexistent.h: No such file or directory
 #include <ac_nonexistent.h>
                            ^
compilation terminated.
configure:7594: $? = 1
configure: failed program was:
| /* confdefs.h */
| #define PACKAGE_NAME "GNU lightning"
| #define PACKAGE_TARNAME "lightning"
| #define PACKAGE_VERSION "2.1.2"
| #define PACKAGE_STRING "GNU lightning 2.1.2"
| #define PACKAGE_BUGREPORT "pcpa@gnu.org"
| #define PACKAGE_URL "http://www.gnu.org/software/lightning/"
| #define PACKAGE "lightning"
| #define VERSION "2.1.2"
| /* end confdefs.h.  */
| #include <ac_nonexistent.h>
configure:7623: checking for ANSI C header files
configure:7643: gcc -c -g -O2  conftest.c >&5
configure:7643: $? = 0
configure:7716: gcc -o conftest -g -O2   conftest.c  >&5
configure:7716: $? = 0
configure:7716: ./conftest
configure:7716: $? = 0
configure:7727: result: yes
configure:7740: checking for sys/types.h
configure:7740: gcc -c -g -O2  conftest.c >&5
configure:7740: $? = 0
configure:7740: result: yes
configure:7740: checking for sys/stat.h
configure:7740: gcc -c -g -O2  conftest.c >&5
configure:7740: $? = 0
configure:7740: result: yes
configure:7740: checking for stdlib.h
configure:7740: gcc -c -g -O2  conftest.c >&5
configure:7740: $? = 0
configure:7740: result: yes
configure:7740: checking for string.h
configure:7740: gcc -c -g -O2  conftest.c >&5
configure:7740: $? = 0
configure:7740: result: yes
configure:7740: checking for memory.h
configure:7740: gcc -c -g -O2  conftest.c >&5
configure:7740: $? = 0
configure:7740: result: yes
configure:7740: checking for strings.h
configure:7740: gcc -c -g -O2  conftest.c >&5
configure:7740: $? = 0
configure:7740: result: yes
configure:7740: checking for inttypes.h
configure:7740: gcc -c -g -O2  conftest.c >&5
configure:7740: $? = 0
configure:7740: result: yes
configure:7740: checking for stdint.h
configure:7740: gcc -c -g -O2  conftest.c >&5
configure:7740: $? = 0
configure:7740: result: yes
configure:7740: checking for unistd.h
configure:7740: gcc -c -g -O2  conftest.c >&5
configure:7740: $? = 0
configure:7740: result: yes
configure:7754: checking for dlfcn.h
configure:7754: gcc -c -g -O2  conftest.c >&5
configure:7754: $? = 0
configure:7754: result: yes
configure:8010: checking for objdir
configure:8025: result: .libs
configure:8289: checking if gcc supports -fno-rtti -fno-exceptions
configure:8307: gcc -c -g -O2  -fno-rtti -fno-exceptions conftest.c >&5
cc1: warning: command line option '-fno-rtti' is valid for C++/ObjC++ but not for C [enabled by default]
configure:8311: $? = 0
configure:8324: result: no
configure:8682: checking for gcc option to produce PIC
configure:8689: result: -fPIC -DPIC
configure:8697: checking if gcc PIC flag -fPIC -DPIC works
configure:8715: gcc -c -g -O2  -fPIC -DPIC -DPIC conftest.c >&5
configure:8719: $? = 0
configure:8732: result: yes
configure:8761: checking if gcc static flag -static works
configure:8789: result: yes
configure:8804: checking if gcc supports -c -o file.o
configure:8825: gcc -c -g -O2  -o out/conftest2.o conftest.c >&5
configure:8829: $? = 0
configure:8851: result: yes
configure:8859: checking if gcc supports -c -o file.o
configure:8906: result: yes
configure:8939: checking whether the gcc linker (/usr/bin/ld -m elf_x86_64) supports shared libraries
configure:10198: result: yes
configure:10235: checking whether -lc should be explicitly linked in
configure:10243: gcc -c -g -O2  conftest.c >&5
configure:10246: $? = 0
configure:10261: gcc -shared  -fPIC -DPIC conftest.o  -v -Wl,-soname -Wl,conftest -o conftest 2\>\&1 \| /bin/grep  -lc  \>/dev/null 2\>\&1
configure:10264: $? = 0
configure:10278: result: no
configure:10438: checking dynamic linker characteristics
configure:11019: gcc -o conftest -g -O2   -Wl,-rpath -Wl,/foo conftest.c  >&5
configure:11019: $? = 0
configure:11259: result: GNU/Linux ld.so
configure:11381: checking how to hardcode library paths into programs
configure:11406: result: immediate
configure:11954: checking whether stripping libraries is possible
configure:11959: result: yes
configure:11994: checking if libtool supports shared libraries
configure:11996: result: yes
configure:11999: checking whether to build shared libraries
configure:12024: result: yes
configure:12027: checking whether to build static libraries
configure:12031: result: yes
configure:12104: checking for mremap
configure:12104: gcc -o conftest -g -O2   conftest.c  >&5
configure:12104: $? = 0
configure:12104: result: yes
configure:12104: checking for ffsl
configure:12104: gcc -o conftest -g -O2   conftest.c  >&5
conftest.c:47:6: warning: conflicting types for built-in function 'ffsl' [enabled by default]
 char ffsl ();
      ^
configure:12104: $? = 0
configure:12104: result: yes
configure:12104: checking for getopt_long_only
configure:12104: gcc -o conftest -g -O2   conftest.c  >&5
configure:12104: $? = 0
configure:12104: result: yes
configure:12104: checking for isnan
configure:12104: gcc -o conftest -g -O2   conftest.c  >&5
conftest.c:49:6: warning: conflicting types for built-in function 'isnan' [enabled by default]
 char isnan ();
      ^
configure:12104: $? = 0
configure:12104: result: yes
configure:12104: checking for isinf
configure:12104: gcc -o conftest -g -O2   conftest.c  >&5
conftest.c:50:6: warning: conflicting types for built-in function 'isinf' [enabled by default]
 char isinf ();
      ^
configure:12104: $? = 0
configure:12104: result: yes
configure:12117: checking getopt.h usability
configure:12117: gcc -c -g -O2  conftest.c >&5
configure:12117: $? = 0
configure:12117: result: yes
configure:12117: checking getopt.h presence
configure:12117: gcc -E  conftest.c
configure:12117: $? = 0
configure:12117: result: yes
configure:12117: checking for getopt.h
configure:12117: result: yes
configure:12117: checking for stdint.h
configure:12117: result: yes
configure:12137: checking for htab_try_create in -liberty
configure:12162: gcc -o conftest -g -O2   conftest.c -liberty   >&5
/usr/bin/ld: cannot find -liberty
collect2: error: ld returned 1 exit status
configure:12162: $? = 1
configure: failed program was:
| /* confdefs.h */
| #define PACKAGE_NAME "GNU lightning"
| #define PACKAGE_TARNAME "lightning"
| #define PACKAGE_VERSION "2.1.2"
| #define PACKAGE_STRING "GNU lightning 2.1.2"
| #define PACKAGE_BUGREPORT "pcpa@gnu.org"
| #define PACKAGE_URL "http://www.gnu.org/software/lightning/"
| #define PACKAGE "lightning"
| #define VERSION "2.1.2"
| #define STDC_HEADERS 1
| #define HAVE_SYS_TYPES_H 1
| #define HAVE_SYS_STAT_H 1
| #define HAVE_STDLIB_H 1
| #define HAVE_STRING_H 1
| #define HAVE_MEMORY_H 1
| #define HAVE_STRINGS_H 1
| #define HAVE_INTTYPES_H 1
| #define HAVE_STDINT_H 1
| #define HAVE_UNISTD_H 1
| #define HAVE_DLFCN_H 1
| #define LT_OBJDIR ".libs/"
| #define HAVE_MREMAP 1
| #define HAVE_FFSL 1
| #define HAVE_GETOPT_LONG_ONLY 1
| #define HAVE_ISNAN 1
| #define HAVE_ISINF 1
| #define HAVE_GETOPT_H 1
| #define HAVE_STDINT_H 1
| /* end confdefs.h.  */
| 
| /* Override any GCC internal prototype to avoid an error.
|    Use char because int might match the return type of a GCC
|    builtin and then its argument prototype would still apply.  */
| #ifdef __cplusplus
| extern "C"
| #endif
| char htab_try_create ();
| int
| main ()
| {
| return htab_try_create ();
|   ;
|   return 0;
| }
configure:12171: result: no
configure:12184: checking for bfd_init in -lbfd
configure:12209: gcc -o conftest -g -O2   conftest.c -lbfd   >&5
/usr/bin/ld: cannot find -lbfd
collect2: error: ld returned 1 exit status
configure:12209: $? = 1
configure: failed program was:
| /* confdefs.h */
| #define PACKAGE_NAME "GNU lightning"
| #define PACKAGE_TARNAME "lightning"
| #define PACKAGE_VERSION "2.1.2"
| #define PACKAGE_STRING "GNU lightning 2.1.2"
| #define PACKAGE_BUGREPORT "pcpa@gnu.org"
| #define PACKAGE_URL "http://www.gnu.org/software/lightning/"
| #define PACKAGE "lightning"
| #define VERSION "2.1.2"
| #define STDC_HEADERS 1
| #define HAVE_SYS_TYPES_H 1
| #define HAVE_SYS_STAT_H 1
| #define HAVE_STDLIB_H 1
| #define HAVE_STRING_H 1
| #define HAVE_MEMORY_H 1
| #define HAVE_STRINGS_H 1
| #define HAVE_INTTYPES_H 1
| #define HAVE_STDINT_H 1
| #define HAVE_UNISTD_H 1
| #define HAVE_DLFCN_H 1
| #define LT_OBJDIR ".libs/"
| #define HAVE_MREMAP 1
| #define HAVE_FFSL 1
| #define HAVE_GETOPT_LONG_ONLY 1
| #define HAVE_ISNAN 1
| #define HAVE_ISINF 1
| #define HAVE_GETOPT_H 1
| #define HAVE_STDINT_H 1
| /* end confdefs.h.  */
| 
| /* Override any GCC internal prototype to avoid an error.
|    Use char because int might match the return type of a GCC
|    builtin and then its argument prototype would still apply.  */
| #ifdef __cplusplus
| extern "C"
| #endif
| char bfd_init ();
| int
| main ()
| {
| return bfd_init ();
|   ;
|   return 0;
| }
configure:12218: result: no
configure:12231: checking for compressBound in -lz
configure:12256: gcc -o conftest -g -O2   conftest.c -lz   >&5
configure:12256: $? = 0
configure:12265: result: yes
configure:12278: checking for init_disassemble_info in -lopcodes
configure:12303: gcc -o conftest -g -O2   conftest.c -lopcodes  -lz  >&5
/usr/bin/ld: cannot find -lopcodes
collect2: error: ld returned 1 exit status
configure:12303: $? = 1
configure: failed program was:
| /* confdefs.h */
| #define PACKAGE_NAME "GNU lightning"
| #define PACKAGE_TARNAME "lightning"
| #define PACKAGE_VERSION "2.1.2"
| #define PACKAGE_STRING "GNU lightning 2.1.2"
| #define PACKAGE_BUGREPORT "pcpa@gnu.org"
| #define PACKAGE_URL "http://www.gnu.org/software/lightning/"
| #define PACKAGE "lightning"
| #define VERSION "2.1.2"
| #define STDC_HEADERS 1
| #define HAVE_SYS_TYPES_H 1
| #define HAVE_SYS_STAT_H 1
| #define HAVE_STDLIB_H 1
| #define HAVE_STRING_H 1
| #define HAVE_MEMORY_H 1
| #define HAVE_STRINGS_H 1
| #define HAVE_INTTYPES_H 1
| #define HAVE_STDINT_H 1
| #define HAVE_UNISTD_H 1
| #define HAVE_DLFCN_H 1
| #define LT_OBJDIR ".libs/"
| #define HAVE_MREMAP 1
| #define HAVE_FFSL 1
| #define HAVE_GETOPT_LONG_ONLY 1
| #define HAVE_ISNAN 1
| #define HAVE_ISINF 1
| #define HAVE_GETOPT_H 1
| #define HAVE_STDINT_H 1
| #define HAVE_LIBZ 1
| /* end confdefs.h.  */
| 
| /* Override any GCC internal prototype to avoid an error.
|    Use char because int might match the return type of a GCC
|    builtin and then its argument prototype would still apply.  */
| #ifdef __cplusplus
| extern "C"
| #endif
| char init_disassemble_info ();
| int
| main ()
| {
| return init_disassemble_info ();
|   ;
|   return 0;
| }
configure:12312: result: no
configure:12332: WARNING: binutils not found, see http://www.gnu.org/software/binutils/
configure:12567: gcc -o conftest -g -O2 -I/home/ubuntu/workspace/lightning-2.1.2/include -D_GNU_SOURCE   conftest.c -lz  >&5
configure:12567: $? = 0
configure:12567: ./conftest
configure:12567: $? = 1
configure: program exited with status 1
configure: failed program was:
| /* confdefs.h */
| #define PACKAGE_NAME "GNU lightning"
| #define PACKAGE_TARNAME "lightning"
| #define PACKAGE_VERSION "2.1.2"
| #define PACKAGE_STRING "GNU lightning 2.1.2"
| #define PACKAGE_BUGREPORT "pcpa@gnu.org"
| #define PACKAGE_URL "http://www.gnu.org/software/lightning/"
| #define PACKAGE "lightning"
| #define VERSION "2.1.2"
| #define STDC_HEADERS 1
| #define HAVE_SYS_TYPES_H 1
| #define HAVE_SYS_STAT_H 1
| #define HAVE_STDLIB_H 1
| #define HAVE_STRING_H 1
| #define HAVE_MEMORY_H 1
| #define HAVE_STRINGS_H 1
| #define HAVE_INTTYPES_H 1
| #define HAVE_STDINT_H 1
| #define HAVE_UNISTD_H 1
| #define HAVE_DLFCN_H 1
| #define LT_OBJDIR ".libs/"
| #define HAVE_MREMAP 1
| #define HAVE_FFSL 1
| #define HAVE_GETOPT_LONG_ONLY 1
| #define HAVE_ISNAN 1
| #define HAVE_ISINF 1
| #define HAVE_GETOPT_H 1
| #define HAVE_STDINT_H 1
| #define HAVE_LIBZ 1
| /* end confdefs.h.  */
| 
|     #include <lightning.h>
|     int main(void) {
| 	int		    ac, flags;
| 	unsigned int	    eax, ebx, ecx, edx;
| 	if (__WORDSIZE == 64)
| 	    return 1;
| 	__asm__ volatile ("pushfl;\n\t"
| 			  "popl %0;\n\t"
| 			  "movl $0x240000, %1;\n\t"
| 			  "xorl %0, %1;\n\t"
| 			  "pushl %1;\n\t"
| 			  "popfl;\n\t"
| 			  "pushfl;\n\t"
| 			  "popl %1;\n\t"
| 			  "xorl %0, %1;\n\t"
| 			  "pushl %0;\n\t"
| 			  "popfl"
| 			  : "=r" (flags), "=r" (ac));
| 	if ((ac & (1 << 21)) == 0)
| 	    return 1;
| 	__asm__ volatile ("xchgl %%ebx, %1; cpuid; xchgl %%ebx, %1"
| 			  : "=a" (eax), "=r" (ebx),
| 			  "=c" (ecx), "=d" (edx)
| 			  : "0" (1));
| 	return (edx & 1 << 26) ? 0 : 1;
|     }
| 
configure:12864: checking that generated files are newer than configure
configure:12870: result: done
configure:12957: creating ./config.status

## ---------------------- ##
## Running config.status. ##
## ---------------------- ##

This file was extended by GNU lightning config.status 2.1.2, which was
generated by GNU Autoconf 2.69.  Invocation command line was

  CONFIG_FILES    = 
  CONFIG_HEADERS  = 
  CONFIG_LINKS    = 
  CONFIG_COMMANDS = 
  $ ./config.status 

on ferc-compilers-5782325

config.status:1138: creating Makefile
config.status:1138: creating lightning.pc
config.status:1138: creating doc/Makefile
config.status:1138: creating include/Makefile
config.status:1138: creating include/lightning/Makefile
config.status:1138: creating lib/Makefile
config.status:1138: creating check/Makefile
config.status:1138: creating config.h
config.status:1367: executing depfiles commands
config.status:1367: executing libtool commands

## ---------------- ##
## Cache variables. ##
## ---------------- ##

ac_cv_build=x86_64-pc-linux-gnu
ac_cv_c_compiler_gnu=yes
ac_cv_env_CC_set=
ac_cv_env_CC_value=
ac_cv_env_CFLAGS_set=
ac_cv_env_CFLAGS_value=
ac_cv_env_CPPFLAGS_set=
ac_cv_env_CPPFLAGS_value=
ac_cv_env_CPP_set=
ac_cv_env_CPP_value=
ac_cv_env_LDFLAGS_set=
ac_cv_env_LDFLAGS_value=
ac_cv_env_LIBS_set=
ac_cv_env_LIBS_value=
ac_cv_env_LT_SYS_LIBRARY_PATH_set=
ac_cv_env_LT_SYS_LIBRARY_PATH_value=
ac_cv_env_build_alias_set=
ac_cv_env_build_alias_value=
ac_cv_env_host_alias_set=
ac_cv_env_host_alias_value=
ac_cv_env_target_alias_set=
ac_cv_env_target_alias_value=
ac_cv_func_ffsl=yes
ac_cv_func_getopt_long_only=yes
ac_cv_func_isinf=yes
ac_cv_func_isnan=yes
ac_cv_func_mremap=yes
ac_cv_header_dlfcn_h=yes
ac_cv_header_getopt_h=yes
ac_cv_header_inttypes_h=yes
ac_cv_header_memory_h=yes
ac_cv_header_stdc=yes
ac_cv_header_stdint_h=yes
ac_cv_header_stdlib_h=yes
ac_cv_header_string_h=yes
ac_cv_header_strings_h=yes
ac_cv_header_sys_stat_h=yes
ac_cv_header_sys_types_h=yes
ac_cv_header_unistd_h=yes
ac_cv_host=x86_64-pc-linux-gnu
ac_cv_lib_bfd_bfd_init=no
ac_cv_lib_iberty_htab_try_create=no
ac_cv_lib_opcodes_init_disassemble_info=no
ac_cv_lib_z_compressBound=yes
ac_cv_objext=o
ac_cv_path_EGREP='/bin/grep -E'
ac_cv_path_FGREP='/bin/grep -F'
ac_cv_path_GREP=/bin/grep
ac_cv_path_SED=/bin/sed
ac_cv_path_install='/usr/bin/install -c'
ac_cv_path_lt_DD=/bin/dd
ac_cv_path_mkdir=/bin/mkdir
ac_cv_prog_AWK=gawk
ac_cv_prog_CPP='gcc -E'
ac_cv_prog_ac_ct_AR=ar
ac_cv_prog_ac_ct_CC=gcc
ac_cv_prog_ac_ct_MANIFEST_TOOL=mt
ac_cv_prog_ac_ct_OBJDUMP=objdump
ac_cv_prog_ac_ct_RANLIB=ranlib
ac_cv_prog_ac_ct_STRIP=strip
ac_cv_prog_cc_c89=
ac_cv_prog_cc_g=yes
ac_cv_prog_make_make_set=yes
ac_cv_target=x86_64-pc-linux-gnu
ac_cv_test_arm_arm=
ac_cv_test_arm_swf=
ac_cv_test_x86_x87=
am_cv_CC_dependencies_compiler_type=gcc3
am_cv_make_support_nested_variables=yes
am_cv_prog_cc_c_o=yes
lt_cv_ar_at_file=@
lt_cv_archive_cmds_need_lc=no
lt_cv_deplibs_check_method=pass_all
lt_cv_file_magic_cmd='$MAGIC_CMD'
lt_cv_file_magic_test_file=
lt_cv_ld_reload_flag=-r
lt_cv_nm_interface='BSD nm'
lt_cv_objdir=.libs
lt_cv_path_LD=/usr/bin/ld
lt_cv_path_NM='/usr/bin/nm -B'
lt_cv_path_mainfest_tool=no
lt_cv_prog_compiler_c_o=yes
lt_cv_prog_compiler_pic='-fPIC -DPIC'
lt_cv_prog_compiler_pic_works=yes
lt_cv_prog_compiler_rtti_exceptions=no
lt_cv_prog_compiler_static_works=yes
lt_cv_prog_gnu_ld=yes
lt_cv_sharedlib_from_linklib_cmd='printf %s\n'
lt_cv_shlibpath_overrides_runpath=no
lt_cv_sys_global_symbol_pipe='sed -n -e '\''s/^.*[	 ]\([ABCDGIRSTW][ABCDGIRSTW]*\)[	 ][	 ]*\([_A-Za-z][_A-Za-z0-9]*\)$/\1 \2 \2/p'\'' | sed '\''/ __gnu_lto/d'\'''
lt_cv_sys_global_symbol_to_c_name_address='sed -n -e '\''s/^: \(.*\) .*$/  {"\1", (void *) 0},/p'\'' -e '\''s/^[ABCDGIRSTW][ABCDGIRSTW]* .* \(.*\)$/  {"\1", (void *) \&\1},/p'\'''
lt_cv_sys_global_symbol_to_c_name_address_lib_prefix='sed -n -e '\''s/^: \(.*\) .*$/  {"\1", (void *) 0},/p'\'' -e '\''s/^[ABCDGIRSTW][ABCDGIRSTW]* .* \(lib.*\)$/  {"\1", (void *) \&\1},/p'\'' -e '\''s/^[ABCDGIRSTW][ABCDGIRSTW]* .* \(.*\)$/  {"lib\1", (void *) \&\1},/p'\'''
lt_cv_sys_global_symbol_to_cdecl='sed -n -e '\''s/^T .* \(.*\)$/extern int \1();/p'\'' -e '\''s/^[ABCDGIRSTW][ABCDGIRSTW]* .* \(.*\)$/extern char \1;/p'\'''
lt_cv_sys_global_symbol_to_import=
lt_cv_sys_max_cmd_len=1572864
lt_cv_to_host_file_cmd=func_convert_file_noop
lt_cv_to_tool_file_cmd=func_convert_file_noop
lt_cv_truncate_bin='/bin/dd bs=4096 count=1'

## ----------------- ##
## Output variables. ##
## ----------------- ##

ACLOCAL='${SHELL} /home/ubuntu/workspace/lightning-2.1.2/missing aclocal-1.15'
AMDEPBACKSLASH='\'
AMDEP_FALSE='#'
AMDEP_TRUE=''
AMTAR='$${TAR-tar}'
AM_BACKSLASH='\'
AM_DEFAULT_V='$(AM_DEFAULT_VERBOSITY)'
AM_DEFAULT_VERBOSITY='0'
AM_V='$(V)'
AR='ar'
AUTOCONF='${SHELL} /home/ubuntu/workspace/lightning-2.1.2/missing autoconf'
AUTOHEADER='${SHELL} /home/ubuntu/workspace/lightning-2.1.2/missing autoheader'
AUTOMAKE='${SHELL} /home/ubuntu/workspace/lightning-2.1.2/missing automake-1.15'
AWK='gawk'
CC='gcc'
CCDEPMODE='depmode=gcc3'
CFLAGS='-g -O2'
CPP='gcc -E'
CPPFLAGS=''
CYGPATH_W='echo'
DEFS='-DHAVE_CONFIG_H'
DEPDIR='.deps'
DLLTOOL='false'
DSYMUTIL=''
DUMPBIN=''
ECHO_C=''
ECHO_N='-n'
ECHO_T=''
EGREP='/bin/grep -E'
EXEEXT=''
FGREP='/bin/grep -F'
GREP='/bin/grep'
INSTALL_DATA='${INSTALL} -m 644'
INSTALL_PROGRAM='${INSTALL}'
INSTALL_SCRIPT='${INSTALL}'
INSTALL_STRIP_PROGRAM='$(install_sh) -c -s'
LD='/usr/bin/ld -m elf_x86_64'
LDFLAGS=''
LIBOBJS=''
LIBS='-lz '
LIBTOOL='$(SHELL) $(top_builddir)/libtool'
LIGHTNING_CFLAGS=' -DNDEBUG'
LIPO=''
LN_S='ln -s'
LTLIBOBJS=''
LT_SYS_LIBRARY_PATH=''
MAKEINFO='${SHELL} /home/ubuntu/workspace/lightning-2.1.2/missing makeinfo'
MANIFEST_TOOL=':'
MKDIR_P='/bin/mkdir -p'
NM='/usr/bin/nm -B'
NMEDIT=''
OBJDUMP='objdump'
OBJEXT='o'
OTOOL64=''
OTOOL=''
PACKAGE='lightning'
PACKAGE_BUGREPORT='pcpa@gnu.org'
PACKAGE_NAME='GNU lightning'
PACKAGE_STRING='GNU lightning 2.1.2'
PACKAGE_TARNAME='lightning'
PACKAGE_URL='http://www.gnu.org/software/lightning/'
PACKAGE_VERSION='2.1.2'
PATH_SEPARATOR=':'
RANLIB='ranlib'
SED='/bin/sed'
SET_MAKE=''
SHELL='/bin/bash'
SHLIB='-ldl'
STRIP='strip'
VERSION='2.1.2'
ac_ct_AR='ar'
ac_ct_CC='gcc'
ac_ct_DUMPBIN=''
am__EXEEXT_FALSE=''
am__EXEEXT_TRUE='#'
am__fastdepCC_FALSE='#'
am__fastdepCC_TRUE=''
am__include='include'
am__isrc=''
am__leading_dot='.'
am__nodep='_no'
am__quote=''
am__tar='$${TAR-tar} chof - "$$tardir"'
am__untar='$${TAR-tar} xf -'
bindir='${exec_prefix}/bin'
build='x86_64-pc-linux-gnu'
build_alias=''
build_cpu='x86_64'
build_os='linux-gnu'
build_vendor='pc'
cpu='x86'
cpu_aarch64_FALSE=''
cpu_aarch64_TRUE='#'
cpu_alpha_FALSE=''
cpu_alpha_TRUE='#'
cpu_arm_FALSE=''
cpu_arm_TRUE='#'
cpu_hppa_FALSE=''
cpu_hppa_TRUE='#'
cpu_ia64_FALSE=''
cpu_ia64_TRUE='#'
cpu_mips_FALSE=''
cpu_mips_TRUE='#'
cpu_ppc_FALSE=''
cpu_ppc_TRUE='#'
cpu_s390_FALSE=''
cpu_s390_TRUE='#'
cpu_sparc_FALSE=''
cpu_sparc_TRUE='#'
cpu_x86_FALSE='#'
cpu_x86_TRUE=''
datadir='${datarootdir}'
datarootdir='${prefix}/share'
docdir='${datarootdir}/doc/${PACKAGE_TARNAME}'
dvidir='${docdir}'
exec_prefix='${prefix}'
get_jit_size_FALSE=''
get_jit_size_TRUE='#'
host='x86_64-pc-linux-gnu'
host_alias=''
host_cpu='x86_64'
host_os='linux-gnu'
host_vendor='pc'
htmldir='${docdir}'
includedir='${prefix}/include'
infodir='${datarootdir}/info'
install_sh='${SHELL} /home/ubuntu/workspace/lightning-2.1.2/install-sh'
libdir='${exec_prefix}/lib'
libexecdir='${exec_prefix}/libexec'
localedir='${datarootdir}/locale'
localstatedir='${prefix}/var'
mandir='${datarootdir}/man'
mkdir_p='$(MKDIR_P)'
oldincludedir='/usr/include'
pdfdir='${docdir}'
prefix='/usr/local'
program_transform_name='s,x,x,'
psdir='${docdir}'
sbindir='${exec_prefix}/sbin'
sharedstatedir='${prefix}/com'
sysconfdir='${prefix}/etc'
target='x86_64-pc-linux-gnu'
target_alias=''
target_cpu='x86_64'
target_os='linux-gnu'
target_vendor='pc'
test_arm_arm_FALSE=''
test_arm_arm_TRUE='#'
test_arm_swf_FALSE=''
test_arm_swf_TRUE='#'
test_nodata_FALSE='#'
test_nodata_TRUE=''
test_x86_x87_FALSE=''
test_x86_x87_TRUE='#'
with_disassembler_FALSE=''
with_disassembler_TRUE='#'

## ----------- ##
## confdefs.h. ##
## ----------- ##

/* confdefs.h */
#define PACKAGE_NAME "GNU lightning"
#define PACKAGE_TARNAME "lightning"
#define PACKAGE_VERSION "2.1.2"
#define PACKAGE_STRING "GNU lightning 2.1.2"
#define PACKAGE_BUGREPORT "pcpa@gnu.org"
#define PACKAGE_URL "http://www.gnu.org/software/lightning/"
#define PACKAGE "lightning"
#define VERSION "2.1.2"
#define STDC_HEADERS 1
#define HAVE_SYS_TYPES_H 1
#define HAVE_SYS_STAT_H 1
#define HAVE_STDLIB_H 1
#define HAVE_STRING_H 1
#define HAVE_MEMORY_H 1
#define HAVE_STRINGS_H 1
#define HAVE_INTTYPES_H 1
#define HAVE_STDINT_H 1
#define HAVE_UNISTD_H 1
#define HAVE_DLFCN_H 1
#define LT_OBJDIR ".libs/"
#define HAVE_MREMAP 1
#define HAVE_FFSL 1
#define HAVE_GETOPT_LONG_ONLY 1
#define HAVE_ISNAN 1
#define HAVE_ISINF 1
#define HAVE_GETOPT_H 1
#define HAVE_STDINT_H 1
#define HAVE_LIBZ 1

configure: exit 0
